<?xml version="1.0" encoding="UTF-8"?>
<testng-results skipped="0" failed="0" total="2" passed="2">
  <reporter-output>
  </reporter-output>
  <suite name="Suite1" duration-ms="16177" started-at="2018-10-30T13:23:01Z" finished-at="2018-10-30T13:23:17Z">
    <groups>
    </groups>
    <test name="Regression" duration-ms="16177" started-at="2018-10-30T13:23:01Z" finished-at="2018-10-30T13:23:17Z">
      <class name="AmazonShopping">
        <test-method status="PASS" signature="setUp()[pri:0, instance:AmazonShopping@64bf3bbf]" name="setUp" is-config="true" duration-ms="2405" started-at="2018-10-30T13:23:01Z" finished-at="2018-10-30T13:23:03Z">
          <reporter-output>
          </reporter-output>
        </test-method> <!-- setUp -->
        <test-method status="PASS" signature="AmazonShoppingTest()[pri:0, instance:AmazonShopping@64bf3bbf]" name="AmazonShoppingTest" duration-ms="5304" started-at="2018-10-30T13:23:03Z" finished-at="2018-10-30T13:23:09Z">
          <reporter-output>
          </reporter-output>
        </test-method> <!-- AmazonShoppingTest -->
        <test-method status="PASS" signature="tearDown()[pri:0, instance:AmazonShopping@64bf3bbf]" name="tearDown" is-config="true" duration-ms="689" started-at="2018-10-30T13:23:09Z" finished-at="2018-10-30T13:23:09Z">
          <reporter-output>
          </reporter-output>
        </test-method> <!-- tearDown -->
      </class> <!-- AmazonShopping -->
      <class name="ioexe.tests.io.AmazonShopping">
        <test-method status="PASS" signature="setUp()[pri:0, instance:ioexe.tests.io.AmazonShopping@ff5b51f]" name="setUp" is-config="true" duration-ms="1360" started-at="2018-10-30T13:23:09Z" finished-at="2018-10-30T13:23:11Z">
          <reporter-output>
          </reporter-output>
        </test-method> <!-- setUp -->
        <test-method status="PASS" signature="AmazonShoppingTest()[pri:0, instance:ioexe.tests.io.AmazonShopping@ff5b51f]" name="AmazonShoppingTest" duration-ms="5767" started-at="2018-10-30T13:23:11Z" finished-at="2018-10-30T13:23:16Z">
          <reporter-output>
          </reporter-output>
        </test-method> <!-- AmazonShoppingTest -->
        <test-method status="PASS" signature="tearDown()[pri:0, instance:ioexe.tests.io.AmazonShopping@ff5b51f]" name="tearDown" is-config="true" duration-ms="640" started-at="2018-10-30T13:23:16Z" finished-at="2018-10-30T13:23:17Z">
          <reporter-output>
          </reporter-output>
        </test-method> <!-- tearDown -->
      </class> <!-- ioexe.tests.io.AmazonShopping -->
    </test> <!-- Regression -->
  </suite> <!-- Suite1 -->
</testng-results>
